<?xml version="1.0" encoding="UTF-8"?>
<robot generator="Robot 7.3.2 (Python 3.9.6 on darwin)" generated="2025-08-20T00:38:16.065745" rpa="false" schemaversion="5">
<suite id="s1" name="appEvents" source="/Users/carlospiragua/Documents/omnipro-fda-automation-mobile/tests/suites/appEvents.robot">
<test id="s1-t1" name="T - FDA APP - Android - application.openning_app" line="11">
<kw name="Abrir app" owner="app" type="SETUP">
<kw name="Get Variable Value" owner="BuiltIn">
<msg time="2025-08-20T00:38:16.298750" level="INFO">${platform} = Android</msg>
<var>${platform}</var>
<arg>${PLATFORM}</arg>
<arg>Android</arg>
<doc>Returns variable value or ``default`` if the variable does not exist.</doc>
<status status="PASS" start="2025-08-20T00:38:16.298182" elapsed="0.001841"/>
</kw>
<kw name="Run Keyword If" owner="BuiltIn">
<arg>"${platform}"!="Android" and "${platform}"!="iOS"</arg>
<arg>Fail</arg>
<arg>msg=PLATFORM debe ser Android o iOS</arg>
<doc>Runs the given keyword with the given arguments, if ``condition`` is true.</doc>
<status status="PASS" start="2025-08-20T00:38:16.300326" elapsed="0.000250"/>
</kw>
<kw name="Get Variable Value" owner="BuiltIn">
<msg time="2025-08-20T00:38:16.301200" level="INFO">${server} = http://127.0.0.1:4723/wd/hub</msg>
<var>${server}</var>
<arg>${APPIUM_SERVER}</arg>
<arg>http://127.0.0.1:4723/wd/hub</arg>
<doc>Returns variable value or ``default`` if the variable does not exist.</doc>
<status status="PASS" start="2025-08-20T00:38:16.300690" elapsed="0.000561"/>
</kw>
<kw name="Get Variable Value" owner="BuiltIn">
<msg time="2025-08-20T00:38:16.301812" level="INFO">${no_reset} = False</msg>
<var>${no_reset}</var>
<arg>${NO_RESET}</arg>
<arg>${False}</arg>
<doc>Returns variable value or ``default`` if the variable does not exist.</doc>
<status status="PASS" start="2025-08-20T00:38:16.301324" elapsed="0.000536"/>
</kw>
<kw name="Get Variable Value" owner="BuiltIn">
<msg time="2025-08-20T00:38:16.302408" level="INFO">${timeout} = 120</msg>
<var>${timeout}</var>
<arg>${NEW_COMMAND_TIMEOUT}</arg>
<arg>120</arg>
<doc>Returns variable value or ``default`` if the variable does not exist.</doc>
<status status="PASS" start="2025-08-20T00:38:16.301938" elapsed="0.000511"/>
</kw>
<kw name="Get Variable Value" owner="BuiltIn">
<msg time="2025-08-20T00:38:16.302979" level="INFO">${autoGrantPermissions} = true</msg>
<var>${autoGrantPermissions}</var>
<arg>${AUTO_GRANT_PERMISSIONS}</arg>
<arg>true</arg>
<doc>Returns variable value or ``default`` if the variable does not exist.</doc>
<status status="PASS" start="2025-08-20T00:38:16.302520" elapsed="0.000506"/>
</kw>
<kw name="Get Current Date" owner="DateTime">
<msg time="2025-08-20T00:38:16.303249" level="INFO">${sec} = 1755668296.303211</msg>
<var>${sec}</var>
<arg>result_format=epoch</arg>
<doc>Returns current local or UTC time with an optional increment.</doc>
<status status="PASS" start="2025-08-20T00:38:16.303103" elapsed="0.000190"/>
</kw>
<kw name="Evaluate" owner="BuiltIn">
<msg time="2025-08-20T00:38:16.303497" level="INFO">${TIMESTAMP_MS} = 1755668296303</msg>
<var>${TIMESTAMP_MS}</var>
<arg>int(round(${sec} * 1000))</arg>
<doc>Evaluates the given expression in Python and returns the result.</doc>
<status status="PASS" start="2025-08-20T00:38:16.303362" elapsed="0.000181"/>
</kw>
<kw name="Set Test Variable" owner="BuiltIn">
<msg time="2025-08-20T00:38:16.303957" level="INFO">${TIMESTAMP_TO_SEARCH} = 1755668296303</msg>
<arg>${TIMESTAMP_TO_SEARCH}</arg>
<arg>${TIMESTAMP_MS}</arg>
<doc>Makes a variable available everywhere within the scope of the current test.</doc>
<status status="PASS" start="2025-08-20T00:38:16.303622" elapsed="0.000392"/>
</kw>
<if>
<branch type="IF" condition="&quot;${platform}&quot; == &quot;Android&quot;">
<kw name="Get Variable Value" owner="BuiltIn">
<msg time="2025-08-20T00:38:16.304721" level="INFO">${automation} = UiAutomator2</msg>
<var>${automation}</var>
<arg>${AUTOMATION_NAME}</arg>
<arg>UiAutomator2</arg>
<doc>Returns variable value or ``default`` if the variable does not exist.</doc>
<status status="PASS" start="2025-08-20T00:38:16.304207" elapsed="0.000559"/>
</kw>
<kw name="Get Variable Value" owner="BuiltIn">
<msg time="2025-08-20T00:38:16.305415" level="INFO">${device} = emulator-5554</msg>
<var>${device}</var>
<arg>${DEVICE_NAME}</arg>
<arg>emulator-5554</arg>
<doc>Returns variable value or ``default`` if the variable does not exist.</doc>
<status status="PASS" start="2025-08-20T00:38:16.304841" elapsed="0.000620"/>
</kw>
<kw name="Get Variable Value" owner="BuiltIn">
<msg time="2025-08-20T00:38:16.306178" level="INFO">${pkg} = None</msg>
<var>${pkg}</var>
<arg>${APP_PACKAGE}</arg>
<arg>${None}</arg>
<doc>Returns variable value or ``default`` if the variable does not exist.</doc>
<status status="PASS" start="2025-08-20T00:38:16.305536" elapsed="0.000690"/>
</kw>
<kw name="Get Variable Value" owner="BuiltIn">
<msg time="2025-08-20T00:38:16.306872" level="INFO">${act} = None</msg>
<var>${act}</var>
<arg>${APP_ACTIVITY}</arg>
<arg>${None}</arg>
<doc>Returns variable value or ``default`` if the variable does not exist.</doc>
<status status="PASS" start="2025-08-20T00:38:16.306310" elapsed="0.000611"/>
</kw>
<kw name="Open Application" owner="AppiumLibrary">
<arg>${server}</arg>
<arg>platformName=${platform}</arg>
<arg>automationName=${automation}</arg>
<arg>deviceName=${device}</arg>
<arg>appPackage=${pkg}</arg>
<arg>appActivity=${act}</arg>
<arg>noReset=${no_reset}</arg>
<arg>newCommandTimeout=${timeout}</arg>
<arg>autoGrantPermissions=${autoGrantPermissions}</arg>
<doc>Opens a new application to the given Appium server.
Capabilities of appium server, Android and iOS,
Please check https://appium.io/docs/en/2.19/guides/caps/
| *Option*            | *Man.* | *Description*     |
| remote_url          | Yes    | Appium server url |
| alias               | No     | alias             |</doc>
<status status="PASS" start="2025-08-20T00:38:16.307001" elapsed="1.597067"/>
</kw>
<status status="PASS" start="2025-08-20T00:38:16.304087" elapsed="1.600423"/>
</branch>
<branch type="ELSE">
<kw name="Get Variable Value" owner="BuiltIn">
<var>${automation}</var>
<arg>${AUTOMATION_NAME}</arg>
<arg>XCUITest</arg>
<doc>Returns variable value or ``default`` if the variable does not exist.</doc>
<status status="NOT RUN" start="2025-08-20T00:38:17.905174" elapsed="0.000134"/>
</kw>
<kw name="Get Variable Value" owner="BuiltIn">
<var>${device}</var>
<arg>${DEVICE_NAME}</arg>
<arg>iPhone 15</arg>
<doc>Returns variable value or ``default`` if the variable does not exist.</doc>
<status status="NOT RUN" start="2025-08-20T00:38:17.905558" elapsed="0.000153"/>
</kw>
<kw name="Get Variable Value" owner="BuiltIn">
<var>${bundle}</var>
<arg>${BUNDLE_ID}</arg>
<arg>${None}</arg>
<doc>Returns variable value or ``default`` if the variable does not exist.</doc>
<status status="NOT RUN" start="2025-08-20T00:38:17.905919" elapsed="0.000132"/>
</kw>
<kw name="Open Application" owner="AppiumLibrary">
<arg>${server}</arg>
<arg>platformName=${platform}</arg>
<arg>automationName=${automation}</arg>
<arg>deviceName=${device}</arg>
<arg>bundleId=${bundle}</arg>
<arg>noReset=${no_reset}</arg>
<arg>newCommandTimeout=${timeout}</arg>
<doc>Opens a new application to the given Appium server.
Capabilities of appium server, Android and iOS,
Please check https://appium.io/docs/en/2.19/guides/caps/
| *Option*            | *Man.* | *Description*     |
| remote_url          | Yes    | Appium server url |
| alias               | No     | alias             |</doc>
<status status="NOT RUN" start="2025-08-20T00:38:17.906259" elapsed="0.000157"/>
</kw>
<status status="NOT RUN" start="2025-08-20T00:38:17.904703" elapsed="0.001839"/>
</branch>
<status status="PASS" start="2025-08-20T00:38:16.304069" elapsed="1.602578"/>
</if>
<status status="PASS" start="2025-08-20T00:38:16.297663" elapsed="1.609120"/>
</kw>
<kw name="Dado que ingresamos a la aplicacion de Farmacias del ahorro y pasamos el onboarding" owner="OnboardingPage">
<kw name="_locator" owner="OnboardingPage">
<kw name="Run Keyword And Return Status" owner="BuiltIn">
<kw name="Should Be Equal As Strings" owner="BuiltIn">
<msg time="2025-08-20T00:38:17.911015" level="FAIL">Variable '${PLATFORM}' not found.</msg>
<arg>${PLATFORM}</arg>
<arg>Android</arg>
<doc>Fails if objects are unequal after converting them to strings.</doc>
<status status="FAIL" start="2025-08-20T00:38:17.909858" elapsed="0.001592">Variable '${PLATFORM}' not found.</status>
</kw>
<msg time="2025-08-20T00:38:17.911946" level="INFO">${is_android} = False</msg>
<var>${is_android}</var>
<arg>Should Be Equal As Strings</arg>
<arg>${PLATFORM}</arg>
<arg>Android</arg>
<doc>Runs the given keyword with given arguments and returns the status as a Boolean value.</doc>
<status status="PASS" start="2025-08-20T00:38:17.909253" elapsed="0.002829"/>
</kw>
<if>
<branch type="IF" condition="${is_android}">
<kw name="Get From Dictionary" owner="Collections">
<var>${loc}</var>
<arg>${ANDROID_LOCATORS}</arg>
<arg>${name}</arg>
<doc>Returns a value from the given ``dictionary`` based on the given ``key``.</doc>
<status status="NOT RUN" start="2025-08-20T00:38:17.913097" elapsed="0.000199"/>
</kw>
<status status="NOT RUN" start="2025-08-20T00:38:17.912344" elapsed="0.001093"/>
</branch>
<branch type="ELSE">
<kw name="Get From Dictionary" owner="Collections">
<msg time="2025-08-20T00:38:17.914870" level="INFO">${loc} = accessibility_id=Siguiente</msg>
<var>${loc}</var>
<arg>${IOS_LOCATORS}</arg>
<arg>${name}</arg>
<doc>Returns a value from the given ``dictionary`` based on the given ``key``.</doc>
<status status="PASS" start="2025-08-20T00:38:17.914095" elapsed="0.003294"/>
</kw>
<status status="PASS" start="2025-08-20T00:38:17.913542" elapsed="0.004724"/>
</branch>
<status status="PASS" start="2025-08-20T00:38:17.912284" elapsed="0.006164"/>
</if>
<return>
<value>${loc}</value>
<status status="PASS" start="2025-08-20T00:38:17.918523" elapsed="0.000200"/>
</return>
<msg time="2025-08-20T00:38:17.918930" level="INFO">${btn_siguiente} = accessibility_id=Siguiente</msg>
<var>${btn_siguiente}</var>
<arg>BOTON_SIGUIENTE</arg>
<status status="PASS" start="2025-08-20T00:38:17.908469" elapsed="0.010551"/>
</kw>
<kw name="_locator" owner="OnboardingPage">
<kw name="Run Keyword And Return Status" owner="BuiltIn">
<kw name="Should Be Equal As Strings" owner="BuiltIn">
<msg time="2025-08-20T00:38:17.921281" level="FAIL">Variable '${PLATFORM}' not found.</msg>
<arg>${PLATFORM}</arg>
<arg>Android</arg>
<doc>Fails if objects are unequal after converting them to strings.</doc>
<status status="FAIL" start="2025-08-20T00:38:17.920057" elapsed="0.001442">Variable '${PLATFORM}' not found.</status>
</kw>
<msg time="2025-08-20T00:38:17.921635" level="INFO">${is_android} = False</msg>
<var>${is_android}</var>
<arg>Should Be Equal As Strings</arg>
<arg>${PLATFORM}</arg>
<arg>Android</arg>
<doc>Runs the given keyword with given arguments and returns the status as a Boolean value.</doc>
<status status="PASS" start="2025-08-20T00:38:17.919696" elapsed="0.001987"/>
</kw>
<if>
<branch type="IF" condition="${is_android}">
<kw name="Get From Dictionary" owner="Collections">
<var>${loc}</var>
<arg>${ANDROID_LOCATORS}</arg>
<arg>${name}</arg>
<doc>Returns a value from the given ``dictionary`` based on the given ``key``.</doc>
<status status="NOT RUN" start="2025-08-20T00:38:17.921941" elapsed="0.000059"/>
</kw>
<status status="NOT RUN" start="2025-08-20T00:38:17.921774" elapsed="0.000278"/>
</branch>
<branch type="ELSE">
<kw name="Get From Dictionary" owner="Collections">
<msg time="2025-08-20T00:38:17.922522" level="INFO">${loc} = accessibility_id=Comenzar</msg>
<var>${loc}</var>
<arg>${IOS_LOCATORS}</arg>
<arg>${name}</arg>
<doc>Returns a value from the given ``dictionary`` based on the given ``key``.</doc>
<status status="PASS" start="2025-08-20T00:38:17.922190" elapsed="0.000453"/>
</kw>
<status status="PASS" start="2025-08-20T00:38:17.922098" elapsed="0.000641"/>
</branch>
<status status="PASS" start="2025-08-20T00:38:17.921754" elapsed="0.001056"/>
</if>
<return>
<value>${loc}</value>
<status status="PASS" start="2025-08-20T00:38:17.922851" elapsed="0.000090"/>
</return>
<msg time="2025-08-20T00:38:17.923101" level="INFO">${btn_comenzar} = accessibility_id=Comenzar</msg>
<var>${btn_comenzar}</var>
<arg>BOTON_COMENZAR</arg>
<status status="PASS" start="2025-08-20T00:38:17.919241" elapsed="0.003916"/>
</kw>
<kw name="Wait Until Page Contains Element" owner="AppiumLibrary">
<kw name="Capture Page Screenshot" owner="AppiumLibrary">
<doc>Takes a screenshot of the current page and embeds it into the log.</doc>
<status status="FAIL" start="2025-08-20T00:38:21.427993" elapsed="0.000294">Execution terminated by signal</status>
</kw>
<msg time="2025-08-20T00:38:21.429038" level="WARN">Keyword 'Capture Page Screenshot' could not be run on failure: Execution terminated by signal</msg>
<arg>${btn_siguiente}</arg>
<arg>5s</arg>
<doc>Waits until the element specified by the ``locator`` appears on the current page.</doc>
<status status="FAIL" start="2025-08-20T00:38:17.923251" elapsed="3.506118">Execution terminated by signal</status>
</kw>
<kw name="Click Element" owner="AppiumLibrary">
<arg>${btn_siguiente}</arg>
<doc>Clicks the element identified by ``locator``.</doc>
<status status="NOT RUN" start="2025-08-20T00:38:21.429544" elapsed="0.000080"/>
</kw>
<kw name="Wait Until Page Contains Element" owner="AppiumLibrary">
<arg>${btn_siguiente}</arg>
<arg>5s</arg>
<doc>Waits until the element specified by the ``locator`` appears on the current page.</doc>
<status status="NOT RUN" start="2025-08-20T00:38:21.429729" elapsed="0.000056"/>
</kw>
<kw name="Click Element" owner="AppiumLibrary">
<arg>${btn_siguiente}</arg>
<doc>Clicks the element identified by ``locator``.</doc>
<status status="NOT RUN" start="2025-08-20T00:38:21.429894" elapsed="0.000073"/>
</kw>
<kw name="Wait Until Page Contains Element" owner="AppiumLibrary">
<arg>${btn_siguiente}</arg>
<arg>5s</arg>
<doc>Waits until the element specified by the ``locator`` appears on the current page.</doc>
<status status="NOT RUN" start="2025-08-20T00:38:21.430167" elapsed="0.000076"/>
</kw>
<kw name="Click Element" owner="AppiumLibrary">
<arg>${btn_siguiente}</arg>
<doc>Clicks the element identified by ``locator``.</doc>
<status status="NOT RUN" start="2025-08-20T00:38:21.430348" elapsed="0.000054"/>
</kw>
<kw name="Wait Until Page Contains Element" owner="AppiumLibrary">
<arg>${btn_comenzar}</arg>
<arg>5s</arg>
<doc>Waits until the element specified by the ``locator`` appears on the current page.</doc>
<status status="NOT RUN" start="2025-08-20T00:38:21.430495" elapsed="0.000056"/>
</kw>
<kw name="Click Element" owner="AppiumLibrary">
<arg>${btn_comenzar}</arg>
<doc>Clicks the element identified by ``locator``.</doc>
<status status="NOT RUN" start="2025-08-20T00:38:21.430642" elapsed="0.000051"/>
</kw>
<status status="FAIL" start="2025-08-20T00:38:17.907617" elapsed="3.523180">Execution terminated by signal</status>
</kw>
<kw name="Cuando hagamos la busqueda de los datos en el CDP del evento" owner="api">
<arg>openning_app</arg>
<status status="NOT RUN" start="2025-08-20T00:38:21.431050" elapsed="0.000073"/>
</kw>
<kw name="Entonces podremos ver que la estructura del evento en cuestion es correcta" owner="questions">
<status status="NOT RUN" start="2025-08-20T00:38:21.431253" elapsed="0.000058"/>
</kw>
<kw name="Cerrar app" owner="app" type="TEARDOWN">
<kw name="Cerrar app si abierta" owner="app">
<kw name="Run Keyword And Ignore Error" owner="BuiltIn">
<kw name="Close All Applications" owner="AppiumLibrary">
<errors>
<msg time="2025-08-20T00:38:21.429038" level="WARN">Keyword 'Capture Page Screenshot' could not be run on failure: Execution terminated by signal</msg>
<msg time="2025-08-20T00:38:21.608441" level="ERROR">Execution stopped by user.</msg>
</errors>
</robot>
